# JRE version: OpenJDK Runtime Environment Temurin-17.0.7+7 (17.0.7+7) (build 17.0.7+7)
# Java VM: OpenJDK 64-Bit Server VM Temurin-17.0.7+7 (17.0.7+7, mixed mode, sharing, tiered, compressed oops, compressed class ptrs, g1 gc, windows-amd64)
GC Precious Log:
 CPUs: 4 total, 4 available
 Memory: 16245M
 Large Page Support: Disabled
 NUMA Support: Disabled
 Compressed Oops: Enabled (Zero based)
 Heap Region Size: 2M
 Heap Min Capacity: 512M
 Heap Initial Capacity: 512M
 Heap Max Capacity: 4072M
 Pre-touch: Disabled
 Parallel Workers: 4
 Concurrent Workers: 1
 Concurrent Refinement Workers: 4
 Periodic GC: Disabled
 String Deduplication is enabled
Heap:
 garbage-first heap   total 524288K, used 137771K [0x0000000701800000, 0x0000000800000000)
  region size 2048K, 30 young (61440K), 1 survivors (2048K)
 Metaspace       used 92222K, committed 92672K, reserved 1179648K
  class space    used 12605K, committed 12864K, reserved 1048576K
GC Heap History (20 events):
Event: 8120.694 GC heap before
{Heap before GC invocations=332 (full 139):
 garbage-first heap   total 524288K, used 159884K [0x0000000701800000, 0x0000000800000000)
  region size 2048K, 40 young (81920K), 1 survivors (2048K)
 Metaspace       used 92160K, committed 92672K, reserved 1179648K
  class space    used 12604K, committed 12864K, reserved 1048576K
}
Event: 8120.696 GC heap after
{Heap after GC invocations=333 (full 139):
 garbage-first heap   total 524288K, used 79691K [0x0000000701800000, 0x0000000800000000)
  region size 2048K, 1 young (2048K), 1 survivors (2048K)
 Metaspace       used 92160K, committed 92672K, reserved 1179648K
  class space    used 12604K, committed 12864K, reserved 1048576K
}
Event: 8125.088 GC heap before
{Heap before GC invocations=333 (full 139):
 garbage-first heap   total 524288K, used 159563K [0x0000000701800000, 0x0000000800000000)
  region size 2048K, 40 young (81920K), 1 survivors (2048K)
 Metaspace       used 92162K, committed 92672K, reserved 1179648K
  class space    used 12604K, committed 12864K, reserved 1048576K
}
Event: 8125.091 GC heap after
{Heap after GC invocations=334 (full 139):
 garbage-first heap   total 524288K, used 80116K [0x0000000701800000, 0x0000000800000000)
  region size 2048K, 1 young (2048K), 1 survivors (2048K)
 Metaspace       used 92162K, committed 92672K, reserved 1179648K
  class space    used 12604K, committed 12864K, reserved 1048576K
}
Event: 8169.837 GC heap before
{Heap before GC invocations=334 (full 139):
 garbage-first heap   total 524288K, used 159988K [0x0000000701800000, 0x0000000800000000)
  region size 2048K, 40 young (81920K), 1 survivors (2048K)
 Metaspace       used 92178K, committed 92672K, reserved 1179648K
  class space    used 12604K, committed 12864K, reserved 1048576K
}
Event: 8169.839 GC heap after
{Heap after GC invocations=335 (full 139):
 garbage-first heap   total 524288K, used 79808K [0x0000000701800000, 0x0000000800000000)
  region size 2048K, 1 young (2048K), 1 survivors (2048K)
 Metaspace       used 92178K, committed 92672K, reserved 1179648K
  class space    used 12604K, committed 12864K, reserved 1048576K
}
Event: 8228.403 GC heap before
{Heap before GC invocations=335 (full 139):
 garbage-first heap   total 524288K, used 159680K [0x0000000701800000, 0x0000000800000000)
  region size 2048K, 40 young (81920K), 1 survivors (2048K)
 Metaspace       used 92180K, committed 92672K, reserved 1179648K
  class space    used 12604K, committed 12864K, reserved 1048576K
}
Event: 8228.410 GC heap after
{Heap after GC invocations=336 (full 139):
 garbage-first heap   total 524288K, used 80083K [0x0000000701800000, 0x0000000800000000)
  region size 2048K, 1 young (2048K), 1 survivors (2048K)
 Metaspace       used 92180K, committed 92672K, reserved 1179648K
  class space    used 12604K, committed 12864K, reserved 1048576K
}
Event: 8249.935 GC heap before
{Heap before GC invocations=336 (full 139):
 garbage-first heap   total 524288K, used 159955K [0x0000000701800000, 0x0000000800000000)
  region size 2048K, 40 young (81920K), 1 survivors (2048K)
 Metaspace       used 92184K, committed 92672K, reserved 1179648K
  class space    used 12604K, committed 12864K, reserved 1048576K
}
Event: 8249.938 GC heap after
{Heap after GC invocations=337 (full 139):
 garbage-first heap   total 524288K, used 80129K [0x0000000701800000, 0x0000000800000000)
  region size 2048K, 1 young (2048K), 1 survivors (2048K)
 Metaspace       used 92184K, committed 92672K, reserved 1179648K
  class space    used 12604K, committed 12864K, reserved 1048576K
}
Event: 8259.554 GC heap before
{Heap before GC invocations=337 (full 139):
 garbage-first heap   total 524288K, used 160001K [0x0000000701800000, 0x0000000800000000)
  region size 2048K, 40 young (81920K), 1 survivors (2048K)
 Metaspace       used 92188K, committed 92672K, reserved 1179648K
  class space    used 12604K, committed 12864K, reserved 1048576K
}
Event: 8259.557 GC heap after
{Heap after GC invocations=338 (full 139):
 garbage-first heap   total 524288K, used 80791K [0x0000000701800000, 0x0000000800000000)
  region size 2048K, 2 young (4096K), 2 survivors (4096K)
 Metaspace       used 92188K, committed 92672K, reserved 1179648K
  class space    used 12604K, committed 12864K, reserved 1048576K
}
Event: 8263.977 GC heap before
{Heap before GC invocations=338 (full 139):
 garbage-first heap   total 524288K, used 158615K [0x0000000701800000, 0x0000000800000000)
  region size 2048K, 40 young (81920K), 2 survivors (4096K)
 Metaspace       used 92211K, committed 92672K, reserved 1179648K
  class space    used 12605K, committed 12864K, reserved 1048576K
}
Event: 8263.979 GC heap after
{Heap after GC invocations=339 (full 139):
 garbage-first heap   total 524288K, used 80289K [0x0000000701800000, 0x0000000800000000)
  region size 2048K, 1 young (2048K), 1 survivors (2048K)
 Metaspace       used 92211K, committed 92672K, reserved 1179648K
  class space    used 12605K, committed 12864K, reserved 1048576K
}
Event: 8274.343 GC heap before
{Heap before GC invocations=339 (full 139):
 garbage-first heap   total 524288K, used 160161K [0x0000000701800000, 0x0000000800000000)
  region size 2048K, 40 young (81920K), 1 survivors (2048K)
 Metaspace       used 92214K, committed 92672K, reserved 1179648K
  class space    used 12605K, committed 12864K, reserved 1048576K
}
Event: 8274.345 GC heap after
{Heap after GC invocations=340 (full 139):
 garbage-first heap   total 524288K, used 80394K [0x0000000701800000, 0x0000000800000000)
  region size 2048K, 1 young (2048K), 1 survivors (2048K)
 Metaspace       used 92214K, committed 92672K, reserved 1179648K
  class space    used 12605K, committed 12864K, reserved 1048576K
}
Event: 8291.442 GC heap before
{Heap before GC invocations=340 (full 139):
 garbage-first heap   total 524288K, used 160266K [0x0000000701800000, 0x0000000800000000)
  region size 2048K, 40 young (81920K), 1 survivors (2048K)
 Metaspace       used 92215K, committed 92672K, reserved 1179648K
  class space    used 12605K, committed 12864K, reserved 1048576K
}
Event: 8291.445 GC heap after
{Heap after GC invocations=341 (full 139):
 garbage-first heap   total 524288K, used 80252K [0x0000000701800000, 0x0000000800000000)
  region size 2048K, 1 young (2048K), 1 survivors (2048K)
 Metaspace       used 92215K, committed 92672K, reserved 1179648K
  class space    used 12605K, committed 12864K, reserved 1048576K
}
Event: 8359.583 GC heap before
{Heap before GC invocations=341 (full 139):
 garbage-first heap   total 524288K, used 160124K [0x0000000701800000, 0x0000000800000000)
  region size 2048K, 40 young (81920K), 1 survivors (2048K)
 Metaspace       used 92221K, committed 92672K, reserved 1179648K
  class space    used 12605K, committed 12864K, reserved 1048576K
}
Event: 8359.589 GC heap after
{Heap after GC invocations=342 (full 139):
 garbage-first heap   total 524288K, used 80427K [0x0000000701800000, 0x0000000800000000)
  region size 2048K, 1 young (2048K), 1 survivors (2048K)
 Metaspace       used 92221K, committed 92672K, reserved 1179648K
  class space    used 12605K, committed 12864K, reserved 1048576K
}

