# JRE version: OpenJDK Runtime Environment Temurin-17.0.7+7 (17.0.7+7) (build 17.0.7+7)
# Java VM: OpenJDK 64-Bit Server VM Temurin-17.0.7+7 (17.0.7+7, mixed mode, sharing, tiered, compressed oops, compressed class ptrs, g1 gc, windows-amd64)
GC Precious Log:
 CPUs: 4 total, 4 available
 Memory: 16245M
 Large Page Support: Disabled
 NUMA Support: Disabled
 Compressed Oops: Enabled (Zero based)
 Heap Region Size: 2M
 Heap Min Capacity: 512M
 Heap Initial Capacity: 512M
 Heap Max Capacity: 4072M
 Pre-touch: Disabled
 Parallel Workers: 4
 Concurrent Workers: 1
 Concurrent Refinement Workers: 4
 Periodic GC: Disabled
 String Deduplication is enabled
Heap:
 garbage-first heap   total 524288K, used 114179K [0x0000000701800000, 0x0000000800000000)
  region size 2048K, 26 young (53248K), 5 survivors (10240K)
 Metaspace       used 55513K, committed 55808K, reserved 1114112K
  class space    used 7430K, committed 7552K, reserved 1048576K
GC Heap History (20 events):
Event: 14.505 GC heap before
{Heap before GC invocations=1 (full 0):
 garbage-first heap   total 524288K, used 92606K [0x0000000701800000, 0x0000000800000000)
  region size 2048K, 40 young (81920K), 5 survivors (10240K)
 Metaspace       used 15936K, committed 16128K, reserved 1114112K
  class space    used 1475K, committed 1536K, reserved 1048576K
}
Event: 14.511 GC heap after
{Heap after GC invocations=2 (full 0):
 garbage-first heap   total 524288K, used 23933K [0x0000000701800000, 0x0000000800000000)
  region size 2048K, 2 young (4096K), 2 survivors (4096K)
 Metaspace       used 15936K, committed 16128K, reserved 1114112K
  class space    used 1475K, committed 1536K, reserved 1048576K
}
Event: 14.550 GC heap before
{Heap before GC invocations=2 (full 0):
 garbage-first heap   total 524288K, used 101757K [0x0000000701800000, 0x0000000800000000)
  region size 2048K, 40 young (81920K), 2 survivors (4096K)
 Metaspace       used 16145K, committed 16256K, reserved 1114112K
  class space    used 1499K, committed 1536K, reserved 1048576K
}
Event: 14.552 GC heap after
{Heap after GC invocations=3 (full 0):
 garbage-first heap   total 524288K, used 24185K [0x0000000701800000, 0x0000000800000000)
  region size 2048K, 2 young (4096K), 2 survivors (4096K)
 Metaspace       used 16145K, committed 16256K, reserved 1114112K
  class space    used 1499K, committed 1536K, reserved 1048576K
}
Event: 14.582 GC heap before
{Heap before GC invocations=3 (full 0):
 garbage-first heap   total 524288K, used 102009K [0x0000000701800000, 0x0000000800000000)
  region size 2048K, 40 young (81920K), 2 survivors (4096K)
 Metaspace       used 16264K, committed 16384K, reserved 1114112K
  class space    used 1499K, committed 1536K, reserved 1048576K
}
Event: 14.584 GC heap after
{Heap after GC invocations=4 (full 0):
 garbage-first heap   total 524288K, used 24434K [0x0000000701800000, 0x0000000800000000)
  region size 2048K, 2 young (4096K), 2 survivors (4096K)
 Metaspace       used 16264K, committed 16384K, reserved 1114112K
  class space    used 1499K, committed 1536K, reserved 1048576K
}
Event: 14.615 GC heap before
{Heap before GC invocations=4 (full 0):
 garbage-first heap   total 524288K, used 102258K [0x0000000701800000, 0x0000000800000000)
  region size 2048K, 40 young (81920K), 2 survivors (4096K)
 Metaspace       used 16641K, committed 16896K, reserved 1114112K
  class space    used 1588K, committed 1728K, reserved 1048576K
}
Event: 14.617 GC heap after
{Heap after GC invocations=5 (full 0):
 garbage-first heap   total 524288K, used 24200K [0x0000000701800000, 0x0000000800000000)
  region size 2048K, 2 young (4096K), 2 survivors (4096K)
 Metaspace       used 16641K, committed 16896K, reserved 1114112K
  class space    used 1588K, committed 1728K, reserved 1048576K
}
Event: 14.673 GC heap before
{Heap before GC invocations=5 (full 0):
 garbage-first heap   total 524288K, used 102024K [0x0000000701800000, 0x0000000800000000)
  region size 2048K, 40 young (81920K), 2 survivors (4096K)
 Metaspace       used 16944K, committed 17152K, reserved 1114112K
  class space    used 1647K, committed 1792K, reserved 1048576K
}
Event: 14.676 GC heap after
{Heap after GC invocations=6 (full 0):
 garbage-first heap   total 524288K, used 23865K [0x0000000701800000, 0x0000000800000000)
  region size 2048K, 2 young (4096K), 2 survivors (4096K)
 Metaspace       used 16944K, committed 17152K, reserved 1114112K
  class space    used 1647K, committed 1792K, reserved 1048576K
}
Event: 14.736 GC heap before
{Heap before GC invocations=6 (full 0):
 garbage-first heap   total 524288K, used 101689K [0x0000000701800000, 0x0000000800000000)
  region size 2048K, 40 young (81920K), 2 survivors (4096K)
 Metaspace       used 17322K, committed 17536K, reserved 1114112K
  class space    used 1684K, committed 1792K, reserved 1048576K
}
Event: 14.739 GC heap after
{Heap after GC invocations=7 (full 0):
 garbage-first heap   total 747520K, used 24039K [0x0000000701800000, 0x0000000800000000)
  region size 2048K, 2 young (4096K), 2 survivors (4096K)
 Metaspace       used 17322K, committed 17536K, reserved 1114112K
  class space    used 1684K, committed 1792K, reserved 1048576K
}
Event: 15.568 GC heap before
{Heap before GC invocations=7 (full 0):
 garbage-first heap   total 747520K, used 73191K [0x0000000701800000, 0x0000000800000000)
  region size 2048K, 28 young (57344K), 2 survivors (4096K)
 Metaspace       used 21349K, committed 21504K, reserved 1114112K
  class space    used 2193K, committed 2304K, reserved 1048576K
}
Event: 15.571 GC heap after
{Heap after GC invocations=8 (full 0):
 garbage-first heap   total 747520K, used 25013K [0x0000000701800000, 0x0000000800000000)
  region size 2048K, 3 young (6144K), 3 survivors (6144K)
 Metaspace       used 21349K, committed 21504K, reserved 1114112K
  class space    used 2193K, committed 2304K, reserved 1048576K
}
Event: 19.622 GC heap before
{Heap before GC invocations=9 (full 0):
 garbage-first heap   total 524288K, used 135605K [0x0000000701800000, 0x0000000800000000)
  region size 2048K, 36 young (73728K), 3 survivors (6144K)
 Metaspace       used 35981K, committed 36160K, reserved 1114112K
  class space    used 4326K, committed 4416K, reserved 1048576K
}
Event: 19.630 GC heap after
{Heap after GC invocations=10 (full 0):
 garbage-first heap   total 524288K, used 49485K [0x0000000701800000, 0x0000000800000000)
  region size 2048K, 5 young (10240K), 5 survivors (10240K)
 Metaspace       used 35981K, committed 36160K, reserved 1114112K
  class space    used 4326K, committed 4416K, reserved 1048576K
}
Event: 24.559 GC heap before
{Heap before GC invocations=11 (full 0):
 garbage-first heap   total 524288K, used 119117K [0x0000000701800000, 0x0000000800000000)
  region size 2048K, 40 young (81920K), 5 survivors (10240K)
 Metaspace       used 47326K, committed 47616K, reserved 1114112K
  class space    used 6158K, committed 6272K, reserved 1048576K
}
Event: 24.571 GC heap after
{Heap after GC invocations=12 (full 0):
 garbage-first heap   total 524288K, used 59435K [0x0000000701800000, 0x0000000800000000)
  region size 2048K, 5 young (10240K), 5 survivors (10240K)
 Metaspace       used 47326K, committed 47616K, reserved 1114112K
  class space    used 6158K, committed 6272K, reserved 1048576K
}
Event: 27.447 GC heap before
{Heap before GC invocations=12 (full 0):
 garbage-first heap   total 524288K, used 129067K [0x0000000701800000, 0x0000000800000000)
  region size 2048K, 40 young (81920K), 5 survivors (10240K)
 Metaspace       used 52953K, committed 53248K, reserved 1114112K
  class space    used 7063K, committed 7232K, reserved 1048576K
}
Event: 27.460 GC heap after
{Heap after GC invocations=13 (full 0):
 garbage-first heap   total 524288K, used 67075K [0x0000000701800000, 0x0000000800000000)
  region size 2048K, 5 young (10240K), 5 survivors (10240K)
 Metaspace       used 52953K, committed 53248K, reserved 1114112K
  class space    used 7063K, committed 7232K, reserved 1048576K
}

